2015/10/28 02:23:38 [error] [exception.CDbException] could not find driver
2015/10/28 02:23:38 [error] [exception.CDbException] exception 'CDbException' with message 'CDbConnection failed to open the DB connection.' in C:\Users\BILYAMIN\PhpstormProjects\yii-webapp\framework\db\CDbConnection.php:405
Stack trace:
#0 C:\Users\BILYAMIN\PhpstormProjects\yii-webapp\framework\db\CDbConnection.php(347): CDbConnection->open()
#1 C:\Users\BILYAMIN\PhpstormProjects\yii-webapp\framework\db\CDbConnection.php(325): CDbConnection->setActive(true)
#2 C:\Users\BILYAMIN\PhpstormProjects\yii-webapp\framework\base\CModule.php(394): CDbConnection->init()
#3 C:\Users\BILYAMIN\PhpstormProjects\yii-webapp\framework\base\CApplication.php(458): CModule->getComponent('db')
#4 C:\Users\BILYAMIN\PhpstormProjects\yii-webapp\framework\db\ar\CActiveRecord.php(637): CApplication->getDb()
#5 C:\Users\BILYAMIN\PhpstormProjects\yii-webapp\framework\db\ar\CActiveRecord.php(670): CActiveRecord->getDbConnection()
#6 C:\Users\BILYAMIN\PhpstormProjects\yii-webapp\framework\db\ar\CActiveRecord.php(1601): CActiveRecord->getCommandBuilder()
#7 C:\Users\BILYAMIN\PhpstormProjects\yii-webapp\framework\web\CActiveDataProvider.php(228): CActiveRecord->count(Object(CDbCriteria))
#8 C:\Users\BILYAMIN\PhpstormProjects\yii-webapp\framework\web\CDataProvider.php(224): CActiveDataProvider->calculateTotalItemCount()
#9 C:\Users\BILYAMIN\PhpstormProjects\yii-webapp\framework\web\CActiveDataProvider.php(178): CDataProvider->getTotalItemCount()
#10 C:\Users\BILYAMIN\PhpstormProjects\yii-webapp\framework\web\CDataProvider.php(168): CActiveDataProvider->fetchData()
#11 C:\Users\BILYAMIN\PhpstormProjects\yii-webapp\framework\zii\widgets\CBaseListView.php(125): CDataProvider->getData()
#12 C:\Users\BILYAMIN\PhpstormProjects\yii-webapp\framework\zii\widgets\CListView.php(211): CBaseListView->init()
#13 C:\Users\BILYAMIN\PhpstormProjects\yii-webapp\framework\web\CBaseController.php(147): CListView->init()
#14 C:\Users\BILYAMIN\PhpstormProjects\yii-webapp\framework\web\CBaseController.php(180): CBaseController->createWidget('zii.widgets.CLi...', Array)
#15 C:\Users\BILYAMIN\PhpstormProjects\yii-webapp\demos\blog\protected\views\post\index.php(9): CBaseController->widget('zii.widgets.CLi...', Array)
#16 C:\Users\BILYAMIN\PhpstormProjects\yii-webapp\framework\web\CBaseController.php(126): require('C:\Users\BILYAM...')
#17 C:\Users\BILYAMIN\PhpstormProjects\yii-webapp\framework\web\CBaseController.php(95): CBaseController->renderInternal('C:\Users\BILYAM...', Array, true)
#18 C:\Users\BILYAMIN\PhpstormProjects\yii-webapp\framework\web\CController.php(869): CBaseController->renderFile('C:\Users\BILYAM...', Array, true)
#19 C:\Users\BILYAMIN\PhpstormProjects\yii-webapp\framework\web\CController.php(782): CController->renderPartial('index', Array, true)
#20 C:\Users\BILYAMIN\PhpstormProjects\yii-webapp\demos\blog\protected\controllers\PostController.php(136): CController->render('index', Array)
#21 C:\Users\BILYAMIN\PhpstormProjects\yii-webapp\framework\web\actions\CInlineAction.php(49): PostController->actionIndex()
#22 C:\Users\BILYAMIN\PhpstormProjects\yii-webapp\framework\web\CController.php(308): CInlineAction->runWithParams(Array)
#23 C:\Users\BILYAMIN\PhpstormProjects\yii-webapp\framework\web\filters\CFilterChain.php(133): CController->runAction(Object(CInlineAction))
#24 C:\Users\BILYAMIN\PhpstormProjects\yii-webapp\framework\web\filters\CFilter.php(40): CFilterChain->run()
#25 C:\Users\BILYAMIN\PhpstormProjects\yii-webapp\framework\web\CController.php(1145): CFilter->filter(Object(CFilterChain))
#26 C:\Users\BILYAMIN\PhpstormProjects\yii-webapp\framework\web\filters\CInlineFilter.php(58): CController->filterAccessControl(Object(CFilterChain))
#27 C:\Users\BILYAMIN\PhpstormProjects\yii-webapp\framework\web\filters\CFilterChain.php(130): CInlineFilter->filter(Object(CFilterChain))
#28 C:\Users\BILYAMIN\PhpstormProjects\yii-webapp\framework\web\CController.php(291): CFilterChain->run()
#29 C:\Users\BILYAMIN\PhpstormProjects\yii-webapp\framework\web\CController.php(265): CController->runActionWithFilters(Object(CInlineAction), Array)
#30 C:\Users\BILYAMIN\PhpstormProjects\yii-webapp\framework\web\CWebApplication.php(282): CController->run('')
#31 C:\Users\BILYAMIN\PhpstormProjects\yii-webapp\framework\web\CWebApplication.php(141): CWebApplication->runController('')
#32 C:\Users\BILYAMIN\PhpstormProjects\yii-webapp\framework\base\CApplication.php(184): CWebApplication->processRequest()
#33 C:\Users\BILYAMIN\PhpstormProjects\yii-webapp\demos\blog\index.php(11): CApplication->run()
#34 {main}
REQUEST_URI=/
---
